1665153874318:xelda -s "Easter egg"
1665164181579:xelda -s Shikoku
1665164318291:xelda -s "Frank Carlucci"
1665164322191:xelda -s "Frank Carlucc"
1665164326955:xelda -s "Frank"
1665164332526:xelda -s "Frank Carlucci"
1665164342261:xelda -s "Frank"
1665164346492:xelda -s Frank
1665164355096:xelda -s Artemy
1665164369691:xelda -s "Artemy Volynsky\n"
1665164476797:xelda -s "In"
1665164487623:xelda -s "West"
1665164682317:xelda -s             this.indexService.insert(p.getExtract(), p.getPageid());
1665164693501:xelda -s Fort
1665164713357:xelda -s "Fort Stewart"
1665165401707:xelda -s Eagles
1665165421641:xelda -s Philadelphia Eagles
1665165775556:xelda -s "Philadelphia Eagles"
1665180971153:xelda -s Philadelphia Eagles
1665180979364:xelda -s Eagles
1665180986656:xelda -s Philadelphia
1665181344592:xelda -s Philadelphia Eagles
1665181395566:xelda -s "Philadelphia Eagles"
1665181431843:xelda -s "Forgetting curve"
